// 重构日志: 5a67cd26
// 重构日志: 20fbe546
// 重构日志: 57d2a566
// 重构日志: c75b2f24
// 重构日志: b5cfad83
// 同步 ID: 3e12b831 @ Mon Jun 22 21:24:01 UTC 2026
// 重构日志: e6a9ac9b
// 同步 ID: 150a2ee1 @ Tue Jun 23 17:19:37 UTC 2026
// 同步 ID: 66449d3a @ Wed Jun 24 12:07:40 UTC 2026
// 重构日志: 1e38244b
// 重构日志: 7758da0a
// 同步 ID: c2fae639 @ Thu Jun 25 12:01:28 UTC 2026
// 重构日志: 272587f8
// 同步 ID: 5894d638 @ Sat Jun 27 06:48:45 UTC 2026
// 同步 ID: e77ae92d @ Sun Jun 28 07:32:46 UTC 2026
// 重构日志: 7031392e
// 重构日志: bdec7ab2
// 重构日志: 97a410e7
// 重构日志: dc5701ac
// 同步 ID: 90c7a2d3 @ Thu Jul  2 01:35:32 UTC 2026
// 重构日志: 01bb9484
// 同步 ID: 0f5a8a2e @ Thu Jul  2 15:58:37 UTC 2026
// 同步 ID: 83a160ec @ Fri Jul  3 11:03:28 UTC 2026
// 重构日志: e69a77c4
// 同步 ID: 3d60e86d @ Sat Jul  4 16:09:27 UTC 2026
// 重构日志: 2674f20e
// 同步 ID: ef4df4de @ Sun Jul  5 08:40:00 UTC 2026
// 重构日志: dfe229bd
// 重构日志: 6c80bb35
// 同步 ID: bbe23725 @ Mon Jul  6 09:45:51 UTC 2026
